<?xml version="1.0" encoding="UTF-8"?>
<!-- Generated by org.testng.reporters.JUnitReportReporter -->
<testsuite hostname="SELVI" failures="0" tests="1" name="FoodChainAutomation.test.CreateProductTest" time="16.585" errors="0" timestamp="2023-01-05T15:18:31 IST" skipped="0">
  <testcase classname="FoodChainAutomation.test.CreateProductTest" name="createProduct" time="16.585"/>
  <system-out/>
</testsuite> <!-- FoodChainAutomation.test.CreateProductTest -->
